<?xml version="1.0" encoding="UTF-8"?>
<!-- Generated by org.testng.reporters.JUnitXMLReporter -->
<testsuite hostname="DESKTOP-6CA5LL6" ignored="0" name="Test" tests="1" failures="1" timestamp="2022-06-25T20:18:17 IST" time="18.264" errors="0">
  <testcase name="captureSreenshot" time="18.056" classname="failedscreenshot.CaptureSreenshot">
    <failure type="java.lang.AssertionError" message="expected [Facebook – log in or sign up] but found [Home]">
      <![CDATA[java.lang.AssertionError: expected [Facebook – log in or sign up] but found [Home]
at failedscreenshot.CaptureSreenshot.captureSreenshot(CaptureSreenshot.java:16)
at java.util.ArrayList.forEach(Unknown Source)
... Removed 33 stack frames]]>
    </failure>
  </testcase> <!-- captureSreenshot -->
</testsuite> <!-- Test -->
